[uruguayo.me/index.html]
[backblue.gif]
[fade.gif]
[index.html]
[uruguayo.me/assets/img/favicon.png]
[uruguayo.me/assets/img/apple-touch-icon.png]
[uruguayo.me/assets/vendor/aos/aos.css]
[uruguayo.me/assets/vendor/bootstrap/css/bootstrap.min.css]
[uruguayo.me/assets/vendor/bootstrap-icons/bootstrap-icons.css]
[uruguayo.me/assets/vendor/boxicons/css/boxicons.min.css]
[uruguayo.me/assets/vendor/glightbox/css/glightbox.min.css]
[uruguayo.me/assets/vendor/remixicon/remixicon.css]
[uruguayo.me/assets/vendor/swiper/swiper-bundle.min.css]
[uruguayo.me/assets/css/style.css]
[uruguayo.me/index-2.html]
[uruguayo.me/assets/vendor/aos/aos.js]
[uruguayo.me/assets/vendor/bootstrap/js/bootstrap.bundle.min.js]
[uruguayo.me/assets/vendor/glightbox/js/glightbox.min.js]
[uruguayo.me/assets/vendor/isotope-layout/isotope.pkgd.min.js]
[uruguayo.me/assets/vendor/php-email-form/validate.js]
[uruguayo.me/assets/vendor/purecounter/purecounter.js]
[uruguayo.me/assets/vendor/swiper/swiper-bundle.min.js]
[uruguayo.me/assets/js/main.js]
[uruguayo.me/index.html]
[uruguayo.me/assets/img/favicon.html]
[uruguayo.me/assets/img/apple-touch-icon.html]
[uruguayo.me/assets/vendor/aos/aos.css]
[uruguayo.me/assets/vendor/bootstrap/css/bootstrap.min.css]
[uruguayo.me/assets/vendor/bootstrap-icons/fonts/bootstrap-icons63f3.woff2]
[uruguayo.me/assets/vendor/bootstrap-icons/fonts/bootstrap-icons63f3.woff]
[uruguayo.me/assets/vendor/bootstrap-icons/bootstrap-icons.css]
[uruguayo.me/assets/vendor/boxicons/fonts/boxicons.eot]
[uruguayo.me/assets/vendor/boxicons/fonts/boxicons.woff2]
[uruguayo.me/assets/vendor/boxicons/fonts/boxicons.woff]
[uruguayo.me/assets/vendor/boxicons/fonts/boxicons.ttf]
[uruguayo.me/assets/vendor/boxicons/css/boxicons.min.css]
[uruguayo.me/assets/vendor/glightbox/css/glightbox.min.css]
[uruguayo.me/assets/vendor/boxicons/fonts/boxiconsd41d.svg]
[uruguayo.me/assets/vendor/remixicon/remixicondf6d.eot]
[uruguayo.me/assets/vendor/remixicon/remixicondf6d.woff2]
[uruguayo.me/assets/vendor/remixicon/remixicondf6d.woff]
[uruguayo.me/assets/vendor/remixicon/remixicondf6d.ttf]
[uruguayo.me/assets/vendor/remixicon/remixicon.css]
[uruguayo.me/assets/vendor/swiper/swiper-bundle.min.css]
[uruguayo.me/assets/vendor/remixicon/remixicondf6d.svg]
[uruguayo.me/assets/img/hero-bg.jpg]
[uruguayo.me/assets/css/style.css]
[uruguayo.me/index-2.html]
[uruguayo.me/assets/vendor/boxicons/fonts/boxiconsd41d.svg]
[uruguayo.me/assets/vendor/remixicon/remixicondf6d.svg]
